<?xml version="1.0" encoding="UTF-8"?>
<!-- Generated by org.testng.reporters.JUnitXMLReporter -->
<testsuite ignored="0" hostname="LAPTOP-NPEQ6NRP" failures="0" tests="7" name="Surefire test" time="193.133" errors="0" timestamp="2025-05-23T18:03:13 IST">
  <testcase classname="packageofairindiaproject.Airindia_Project.TestCase1_Registration_Airindia" name="new_registration" time="37.315"/>
  <testcase classname="packageofairindiaproject.Airindia_Project.TestCase2_Login_ValidCredentials" name="loginwithvalidcredentials" time="7.717"/>
  <testcase classname="packageofairindiaproject.Airindia_Project.TestCase3_Login_InvalidCredentials" name="invalidlogincredentails" time="7.755"/>
  <testcase classname="packageofairindiaproject.Airindia_Project.TestCase4_Search_OneWay" name="searchonewayflight" time="15.137"/>
  <testcase classname="packageofairindiaproject.Airindia_Project.TestCase5_Search_TwoWays" name="searchroundtripflight" time="24.098"/>
  <testcase classname="packageofairindiaproject.Airindia_Project.TestCase6_Search_Class" name="searchroundtripflight" time="19.066"/>
  <testcase classname="packageofairindiaproject.Airindia_Project.TestCase7_Search_MultiCity" name="search_multicity" time="21.213"/>
</testsuite> <!-- Surefire test -->
