<?xml version="1.0" encoding="UTF-8"?>
<!-- Generated by org.testng.reporters.JUnitXMLReporter -->
<testsuite ignored="0" hostname="LAPTOP-NPEQ6NRP" failures="2" tests="4" name="Surefire test" time="121.438" errors="0" timestamp="2025-05-09T16:26:24 IST">
  <testcase classname="packageofairindiaproject.Airindia_Project.TestCase1_Registration_Airindia" name="new_registration" time="33.573">
    <skipped/>
  </testcase> <!-- new_registration -->
  <testcase classname="packageofairindiaproject.Airindia_Project.TestCase1_Registration_Airindia" name="new_registration" time="31.341">
    <skipped/>
  </testcase> <!-- new_registration -->
  <testcase classname="packageofairindiaproject.Airindia_Project.TestCase1_Registration_Airindia" name="new_registration" time="32.493">
    <failure type="org.openqa.selenium.ElementClickInterceptedException" message="element click intercepted: Element &amp;lt;input _ngcontent-oml-c59=&amp;quot;&amp;quot; id=&amp;quot;date_of_birth&amp;quot; placement=&amp;quot;bottom-left&amp;quot; name=&amp;quot;dobDate&amp;quot; formcontrolname=&amp;quot;dob&amp;quot; ngbdatepicker=&amp;quot;&amp;quot; readonly=&amp;quot;&amp;quot; class=&amp;quot;form-control ng-untouched ng-pristine ng-invalid&amp;quot; placeholder=&amp;quot;DD/MM/YYYY&amp;quot;&amp;gt; is not clickable at point (945, 378). Other element would receive the click: &amp;lt;div class=&amp;quot;cdk-overlay-backdrop cdk-overlay-transparent-backdrop cdk-overlay-backdrop-showing&amp;quot;&amp;gt;&amp;lt;/div&amp;gt;
  (Session info: chrome=136.0.7103.93)
Build info: version: &amp;apos;4.27.0&amp;apos;, revision: &amp;apos;d6e718d134&amp;apos;
System info: os.name: &amp;apos;Windows 11&amp;apos;, os.arch: &amp;apos;amd64&amp;apos;, os.version: &amp;apos;10.0&amp;apos;, java.version: &amp;apos;23&amp;apos;
Driver info: org.openqa.selenium.chrome.ChromeDriver
Command: [29bfe9beac8a694bf5dfdf73b6f8420c, clickElement {id=f.B2FFFA58679B397A1C834B1A06B0762F.d.221DE95EDF1A93E82399F8446C10418E.e.191}]
Capabilities {acceptInsecureCerts: false, browserName: chrome, browserVersion: 136.0.7103.93, chrome: {chromedriverVersion: 136.0.7103.92 (cb81a4cc5087..., userDataDir: C:\Users\lenovo\AppData\Loc...}, fedcm:accounts: true, goog:chromeOptions: {debuggerAddress: localhost:60354}, networkConnectionEnabled: false, pageLoadStrategy: normal, platformName: windows, proxy: Proxy(), se:cdp: ws://localhost:60354/devtoo..., se:cdpVersion: 136.0.7103.93, setWindowRect: true, strictFileInteractability: false, timeouts: {implicit: 0, pageLoad: 300000, script: 30000}, unhandledPromptBehavior: dismiss and notify, webauthn:extension:credBlob: true, webauthn:extension:largeBlob: true, webauthn:extension:minPinLength: true, webauthn:extension:prf: true, webauthn:virtualAuthenticators: true}
Element: [[ChromeDriver: chrome on windows (29bfe9beac8a694bf5dfdf73b6f8420c)] -&amp;gt; id: date_of_birth]
Session ID: 29bfe9beac8a694bf5dfdf73b6f8420c">
      <![CDATA[org.openqa.selenium.ElementClickInterceptedException: element click intercepted: Element <input _ngcontent-oml-c59="" id="date_of_birth" placement="bottom-left" name="dobDate" formcontrolname="dob" ngbdatepicker="" readonly="" class="form-control ng-untouched ng-pristine ng-invalid" placeholder="DD/MM/YYYY"> is not clickable at point (945, 378). Other element would receive the click: <div class="cdk-overlay-backdrop cdk-overlay-transparent-backdrop cdk-overlay-backdrop-showing"></div>
  (Session info: chrome=136.0.7103.93)
Build info: version: '4.27.0', revision: 'd6e718d134'
System info: os.name: 'Windows 11', os.arch: 'amd64', os.version: '10.0', java.version: '23'
Driver info: org.openqa.selenium.chrome.ChromeDriver
Command: [29bfe9beac8a694bf5dfdf73b6f8420c, clickElement {id=f.B2FFFA58679B397A1C834B1A06B0762F.d.221DE95EDF1A93E82399F8446C10418E.e.191}]
Capabilities {acceptInsecureCerts: false, browserName: chrome, browserVersion: 136.0.7103.93, chrome: {chromedriverVersion: 136.0.7103.92 (cb81a4cc5087..., userDataDir: C:\Users\lenovo\AppData\Loc...}, fedcm:accounts: true, goog:chromeOptions: {debuggerAddress: localhost:60354}, networkConnectionEnabled: false, pageLoadStrategy: normal, platformName: windows, proxy: Proxy(), se:cdp: ws://localhost:60354/devtoo..., se:cdpVersion: 136.0.7103.93, setWindowRect: true, strictFileInteractability: false, timeouts: {implicit: 0, pageLoad: 300000, script: 30000}, unhandledPromptBehavior: dismiss and notify, webauthn:extension:credBlob: true, webauthn:extension:largeBlob: true, webauthn:extension:minPinLength: true, webauthn:extension:prf: true, webauthn:virtualAuthenticators: true}
Element: [[ChromeDriver: chrome on windows (29bfe9beac8a694bf5dfdf73b6f8420c)] -> id: date_of_birth]
Session ID: 29bfe9beac8a694bf5dfdf73b6f8420c
at org.openqa.selenium.remote.ErrorCodec.decode(ErrorCodec.java:167)
at org.openqa.selenium.remote.codec.w3c.W3CHttpResponseCodec.decode(W3CHttpResponseCodec.java:138)
at org.openqa.selenium.remote.codec.w3c.W3CHttpResponseCodec.decode(W3CHttpResponseCodec.java:50)
at org.openqa.selenium.remote.HttpCommandExecutor.execute(HttpCommandExecutor.java:190)
at org.openqa.selenium.remote.service.DriverCommandExecutor.invokeExecute(DriverCommandExecutor.java:216)
at org.openqa.selenium.remote.service.DriverCommandExecutor.execute(DriverCommandExecutor.java:174)
at org.openqa.selenium.remote.RemoteWebDriver.execute(RemoteWebDriver.java:545)
at org.openqa.selenium.remote.RemoteWebElement.execute(RemoteWebElement.java:223)
at org.openqa.selenium.remote.RemoteWebElement.click(RemoteWebElement.java:76)
at org.openqa.selenium.support.pagefactory.internal.LocatingElementHandler.invoke(LocatingElementHandler.java:51)
at jdk.proxy2/jdk.proxy2.$Proxy10.click(Unknown Source)
at packageofairindiaproject.Airindia_Project.RegistrationPage.dob(RegistrationPage.java:86)
at packageofairindiaproject.Airindia_Project.TestCase1_Registration_Airindia.new_registration(TestCase1_Registration_Airindia.java:23)
at java.base/java.util.ArrayList.forEach(ArrayList.java:1597)
... Removed 35 stack frames]]>
    </failure>
  </testcase> <!-- new_registration -->
  <testcase classname="packageofairindiaproject.Airindia_Project.TestCase1_Registration_Airindia" name="new_registration" time="121.396">
    <failure type="java.lang.NullPointerException" message="Cannot invoke &amp;quot;org.openqa.selenium.TakesScreenshot.getScreenshotAs(org.openqa.selenium.OutputType)&amp;quot; because &amp;quot;ts&amp;quot; is null">
      <![CDATA[java.lang.NullPointerException: Cannot invoke "org.openqa.selenium.TakesScreenshot.getScreenshotAs(org.openqa.selenium.OutputType)" because "ts" is null
at packageofairindiaproject.Airindia_Project.Listner.onTestFailure(Listner.java:46)
at java.base/java.util.ArrayList.forEach(ArrayList.java:1597)
... Removed 29 stack frames]]>
    </failure>
  </testcase> <!-- new_registration -->
</testsuite> <!-- Surefire test -->
