<?xml version="1.0" encoding="UTF-8"?>
<testng-results ignored="0" total="7" passed="7" failed="0" skipped="0">
  <reporter-output>
    <line>
      <![CDATA[Testcase is passed]]>
    </line>
    <line>
      <![CDATA[Testcase is passed]]>
    </line>
    <line>
      <![CDATA[Testcase is passed]]>
    </line>
    <line>
      <![CDATA[Testcase is passed]]>
    </line>
    <line>
      <![CDATA[Testcase is passed]]>
    </line>
    <line>
      <![CDATA[Testcase is passed]]>
    </line>
    <line>
      <![CDATA[Testcase is passed]]>
    </line>
  </reporter-output>
  <suite started-at="2025-05-23T18:00:00 IST" name="Surefire suite" finished-at="2025-05-23T18:03:13 IST" duration-ms="193133">
    <groups>
    </groups>
    <test started-at="2025-05-23T18:00:00 IST" name="Surefire test" finished-at="2025-05-23T18:03:13 IST" duration-ms="193133">
      <class name="packageofairindiaproject.Airindia_Project.TestCase2_Login_ValidCredentials">
        <test-method is-config="true" signature="launch()[pri:0, instance:packageofairindiaproject.Airindia_Project.TestCase2_Login_ValidCredentials@3aefe5e5]" started-at="2025-05-23T18:00:47 IST" name="launch" finished-at="2025-05-23T18:00:54 IST" duration-ms="7047" status="PASS">
          <reporter-output>
          </reporter-output>
        </test-method> <!-- launch -->
        <test-method signature="loginwithvalidcredentials()[pri:0, instance:packageofairindiaproject.Airindia_Project.TestCase2_Login_ValidCredentials@3aefe5e5]" started-at="2025-05-23T18:00:54 IST" name="loginwithvalidcredentials" finished-at="2025-05-23T18:01:02 IST" duration-ms="7717" status="PASS">
          <reporter-output>
            <line>
              <![CDATA[Testcase is passed]]>
            </line>
          </reporter-output>
        </test-method> <!-- loginwithvalidcredentials -->
        <test-method is-config="true" signature="quit()[pri:0, instance:packageofairindiaproject.Airindia_Project.TestCase2_Login_ValidCredentials@3aefe5e5]" started-at="2025-05-23T18:01:03 IST" name="quit" finished-at="2025-05-23T18:01:03 IST" duration-ms="469" status="PASS">
          <reporter-output>
          </reporter-output>
        </test-method> <!-- quit -->
      </class> <!-- packageofairindiaproject.Airindia_Project.TestCase2_Login_ValidCredentials -->
      <class name="packageofairindiaproject.Airindia_Project.TestCase7_Search_MultiCity">
        <test-method is-config="true" signature="launch()[pri:0, instance:packageofairindiaproject.Airindia_Project.TestCase7_Search_MultiCity@ef9296d]" started-at="2025-05-23T18:02:44 IST" name="launch" finished-at="2025-05-23T18:02:51 IST" duration-ms="6316" status="PASS">
          <reporter-output>
          </reporter-output>
        </test-method> <!-- launch -->
        <test-method signature="search_multicity()[pri:0, instance:packageofairindiaproject.Airindia_Project.TestCase7_Search_MultiCity@ef9296d]" started-at="2025-05-23T18:02:51 IST" name="search_multicity" finished-at="2025-05-23T18:03:12 IST" duration-ms="21213" status="PASS">
          <reporter-output>
            <line>
              <![CDATA[Testcase is passed]]>
            </line>
          </reporter-output>
        </test-method> <!-- search_multicity -->
        <test-method is-config="true" signature="quit()[pri:0, instance:packageofairindiaproject.Airindia_Project.TestCase7_Search_MultiCity@ef9296d]" started-at="2025-05-23T18:03:12 IST" name="quit" finished-at="2025-05-23T18:03:13 IST" duration-ms="494" status="PASS">
          <reporter-output>
          </reporter-output>
        </test-method> <!-- quit -->
      </class> <!-- packageofairindiaproject.Airindia_Project.TestCase7_Search_MultiCity -->
      <class name="packageofairindiaproject.Airindia_Project.TestCase4_Search_OneWay">
        <test-method is-config="true" signature="launch()[pri:0, instance:packageofairindiaproject.Airindia_Project.TestCase4_Search_OneWay@1b1473ab]" started-at="2025-05-23T18:01:20 IST" name="launch" finished-at="2025-05-23T18:01:26 IST" duration-ms="6656" status="PASS">
          <reporter-output>
          </reporter-output>
        </test-method> <!-- launch -->
        <test-method signature="searchonewayflight()[pri:0, instance:packageofairindiaproject.Airindia_Project.TestCase4_Search_OneWay@1b1473ab]" started-at="2025-05-23T18:01:26 IST" name="searchonewayflight" finished-at="2025-05-23T18:01:41 IST" duration-ms="15137" status="PASS">
          <reporter-output>
            <line>
              <![CDATA[Testcase is passed]]>
            </line>
          </reporter-output>
        </test-method> <!-- searchonewayflight -->
        <test-method is-config="true" signature="quit()[pri:0, instance:packageofairindiaproject.Airindia_Project.TestCase4_Search_OneWay@1b1473ab]" started-at="2025-05-23T18:01:42 IST" name="quit" finished-at="2025-05-23T18:01:43 IST" duration-ms="548" status="PASS">
          <reporter-output>
          </reporter-output>
        </test-method> <!-- quit -->
      </class> <!-- packageofairindiaproject.Airindia_Project.TestCase4_Search_OneWay -->
      <class name="packageofairindiaproject.Airindia_Project.TestCase5_Search_TwoWays">
        <test-method is-config="true" signature="launch()[pri:0, instance:packageofairindiaproject.Airindia_Project.TestCase5_Search_TwoWays@2f7c2f4f]" started-at="2025-05-23T18:01:43 IST" name="launch" finished-at="2025-05-23T18:01:50 IST" duration-ms="6643" status="PASS">
          <reporter-output>
          </reporter-output>
        </test-method> <!-- launch -->
        <test-method signature="searchroundtripflight()[pri:0, instance:packageofairindiaproject.Airindia_Project.TestCase5_Search_TwoWays@2f7c2f4f]" started-at="2025-05-23T18:01:50 IST" name="searchroundtripflight" finished-at="2025-05-23T18:02:14 IST" duration-ms="24098" status="PASS">
          <reporter-output>
            <line>
              <![CDATA[Testcase is passed]]>
            </line>
          </reporter-output>
        </test-method> <!-- searchroundtripflight -->
        <test-method is-config="true" signature="quit()[pri:0, instance:packageofairindiaproject.Airindia_Project.TestCase5_Search_TwoWays@2f7c2f4f]" started-at="2025-05-23T18:02:15 IST" name="quit" finished-at="2025-05-23T18:02:17 IST" duration-ms="2263" status="PASS">
          <reporter-output>
          </reporter-output>
        </test-method> <!-- quit -->
      </class> <!-- packageofairindiaproject.Airindia_Project.TestCase5_Search_TwoWays -->
      <class name="packageofairindiaproject.Airindia_Project.TestCase6_Search_Class">
        <test-method is-config="true" signature="launch()[pri:0, instance:packageofairindiaproject.Airindia_Project.TestCase6_Search_Class@6af93788]" started-at="2025-05-23T18:02:17 IST" name="launch" finished-at="2025-05-23T18:02:24 IST" duration-ms="6697" status="PASS">
          <reporter-output>
          </reporter-output>
        </test-method> <!-- launch -->
        <test-method signature="searchroundtripflight()[pri:0, instance:packageofairindiaproject.Airindia_Project.TestCase6_Search_Class@6af93788]" started-at="2025-05-23T18:02:24 IST" name="searchroundtripflight" finished-at="2025-05-23T18:02:43 IST" duration-ms="19066" status="PASS">
          <reporter-output>
            <line>
              <![CDATA[Testcase is passed]]>
            </line>
          </reporter-output>
        </test-method> <!-- searchroundtripflight -->
        <test-method is-config="true" signature="quit()[pri:0, instance:packageofairindiaproject.Airindia_Project.TestCase6_Search_Class@6af93788]" started-at="2025-05-23T18:02:44 IST" name="quit" finished-at="2025-05-23T18:02:44 IST" duration-ms="478" status="PASS">
          <reporter-output>
          </reporter-output>
        </test-method> <!-- quit -->
      </class> <!-- packageofairindiaproject.Airindia_Project.TestCase6_Search_Class -->
      <class name="packageofairindiaproject.Airindia_Project.TestCase1_Registration_Airindia">
        <test-method is-config="true" signature="launch()[pri:0, instance:packageofairindiaproject.Airindia_Project.TestCase1_Registration_Airindia@4e91d63f]" started-at="2025-05-23T18:00:00 IST" name="launch" finished-at="2025-05-23T18:00:09 IST" duration-ms="8913" status="PASS">
          <reporter-output>
          </reporter-output>
        </test-method> <!-- launch -->
        <test-method signature="new_registration()[pri:0, instance:packageofairindiaproject.Airindia_Project.TestCase1_Registration_Airindia@4e91d63f]" started-at="2025-05-23T18:00:09 IST" name="new_registration" finished-at="2025-05-23T18:00:46 IST" duration-ms="37315" status="PASS">
          <reporter-output>
            <line>
              <![CDATA[Testcase is passed]]>
            </line>
          </reporter-output>
        </test-method> <!-- new_registration -->
        <test-method is-config="true" signature="quit()[pri:0, instance:packageofairindiaproject.Airindia_Project.TestCase1_Registration_Airindia@4e91d63f]" started-at="2025-05-23T18:00:46 IST" name="quit" finished-at="2025-05-23T18:00:47 IST" duration-ms="679" status="PASS">
          <reporter-output>
          </reporter-output>
        </test-method> <!-- quit -->
      </class> <!-- packageofairindiaproject.Airindia_Project.TestCase1_Registration_Airindia -->
      <class name="packageofairindiaproject.Airindia_Project.TestCase3_Login_InvalidCredentials">
        <test-method is-config="true" signature="launch()[pri:0, instance:packageofairindiaproject.Airindia_Project.TestCase3_Login_InvalidCredentials@149e0f5d]" started-at="2025-05-23T18:01:03 IST" name="launch" finished-at="2025-05-23T18:01:11 IST" duration-ms="7425" status="PASS">
          <reporter-output>
          </reporter-output>
        </test-method> <!-- launch -->
        <test-method signature="invalidlogincredentails()[pri:0, instance:packageofairindiaproject.Airindia_Project.TestCase3_Login_InvalidCredentials@149e0f5d]" started-at="2025-05-23T18:01:11 IST" name="invalidlogincredentails" finished-at="2025-05-23T18:01:18 IST" duration-ms="7755" status="PASS">
          <reporter-output>
            <line>
              <![CDATA[Testcase is passed]]>
            </line>
          </reporter-output>
        </test-method> <!-- invalidlogincredentails -->
        <test-method is-config="true" signature="quit()[pri:0, instance:packageofairindiaproject.Airindia_Project.TestCase3_Login_InvalidCredentials@149e0f5d]" started-at="2025-05-23T18:01:19 IST" name="quit" finished-at="2025-05-23T18:01:20 IST" duration-ms="480" status="PASS">
          <reporter-output>
          </reporter-output>
        </test-method> <!-- quit -->
      </class> <!-- packageofairindiaproject.Airindia_Project.TestCase3_Login_InvalidCredentials -->
    </test> <!-- Surefire test -->
  </suite> <!-- Surefire suite -->
</testng-results>
