<?xml version="1.0" encoding="UTF-8"?>
<testng-results ignored="0" total="1" passed="1" failed="0" skipped="0">
  <reporter-output>
  </reporter-output>
  <suite started-at="2025-05-09T15:57:02 IST" name="Default suite" finished-at="2025-05-09T15:57:23 IST" duration-ms="20672">
    <groups>
    </groups>
    <test started-at="2025-05-09T15:57:02 IST" name="Default test" finished-at="2025-05-09T15:57:23 IST" duration-ms="20672">
      <class name="packageofairindiaproject.Airindia_Project.TestCase2_Login_ValidCredentials">
        <test-method is-config="true" signature="launch()[pri:0, instance:packageofairindiaproject.Airindia_Project.TestCase2_Login_ValidCredentials@1f2586d6]" started-at="2025-05-09T15:57:02 IST" name="launch" finished-at="2025-05-09T15:57:12 IST" duration-ms="9660" status="PASS">
          <reporter-output>
          </reporter-output>
        </test-method> <!-- launch -->
        <test-method signature="loginwithvalidcredentials()[pri:0, instance:packageofairindiaproject.Airindia_Project.TestCase2_Login_ValidCredentials@1f2586d6]" started-at="2025-05-09T15:57:12 IST" name="loginwithvalidcredentials" finished-at="2025-05-09T15:57:22 IST" duration-ms="10437" status="PASS">
          <reporter-output>
          </reporter-output>
        </test-method> <!-- loginwithvalidcredentials -->
        <test-method is-config="true" signature="quit()[pri:0, instance:packageofairindiaproject.Airindia_Project.TestCase2_Login_ValidCredentials@1f2586d6]" started-at="2025-05-09T15:57:22 IST" name="quit" finished-at="2025-05-09T15:57:23 IST" duration-ms="487" status="PASS">
          <reporter-output>
          </reporter-output>
        </test-method> <!-- quit -->
      </class> <!-- packageofairindiaproject.Airindia_Project.TestCase2_Login_ValidCredentials -->
    </test> <!-- Default test -->
  </suite> <!-- Default suite -->
</testng-results>
